2015-10-31 00:02:51 [ main ] org.hibernate.validator.internal.util.Version HV000001: Hibernate Validator 4.3.0.Final
2015-10-31 00:02:52 [ main ] com.stockanalytics.service.StockInfoService StockIndex插入完成--->[StockIndex [id=2015-10-31#深证成指, name=深证成指, date=2015-10-31, curdot=11546.051, curprice=-20.611, rate=-0.18, dealnumber=296335950, turnover=49529118], StockIndex [id=2015-10-31#上证指数, name=上证指数, date=2015-10-31, curdot=3382.561, curprice=-4.754, rate=-0.14, dealnumber=2435951, turnover=30726677]]
2015-10-31 00:02:52 [ main ] com.stockanalytics.service.StockInfoService StockIndex插入完成--->[StockIndex [id=2015-10-31#深证成指, name=深证成指, date=2015-10-31, curdot=11546.051, curprice=-20.611, rate=-0.18, dealnumber=296335950, turnover=49529118], StockIndex [id=2015-10-31#上证指数, name=上证指数, date=2015-10-31, curdot=3382.561, curprice=-4.754, rate=-0.14, dealnumber=2435951, turnover=30726677]]
2015-10-31 00:02:52 [ main ] com.stockanalytics.service.StockInfoService StockIndex插入完成--->[StockIndex [id=2015-10-31#深证成指, name=深证成指, date=2015-10-31, curdot=11546.051, curprice=-20.611, rate=-0.18, dealnumber=296335950, turnover=49529118], StockIndex [id=2015-10-31#上证指数, name=上证指数, date=2015-10-31, curdot=3382.561, curprice=-4.754, rate=-0.14, dealnumber=2435951, turnover=30726677]]
2015-10-31 00:02:52 [ main ] com.stockanalytics.service.StockInfoService StockIndex插入完成--->[StockIndex [id=2015-10-31#深证成指, name=深证成指, date=2015-10-31, curdot=11546.051, curprice=-20.611, rate=-0.18, dealnumber=296335950, turnover=49529118], StockIndex [id=2015-10-31#上证指数, name=上证指数, date=2015-10-31, curdot=3382.561, curprice=-4.754, rate=-0.14, dealnumber=2435951, turnover=30726677]]
2015-10-31 00:05:59 [ main ] org.hibernate.validator.internal.util.Version HV000001: Hibernate Validator 4.3.0.Final
2015-10-31 00:07:14 [ main ] com.stockanalytics.service.StockInfoService StockIndex插入完成--->[StockIndex [id=2015-10-31#深证成指, name=深证成指, date=2015-10-31, curdot=11546.051, curprice=-20.611, rate=-0.18, dealnumber=296335950, turnover=49529118], StockIndex [id=2015-10-31#上证指数, name=上证指数, date=2015-10-31, curdot=3382.561, curprice=-4.754, rate=-0.14, dealnumber=2435951, turnover=30726677]]
2015-10-31 00:07:43 [ main ] com.stockanalytics.service.StockInfoService StockIndex插入完成--->[StockIndex [id=2015-10-31#深证成指, name=深证成指, date=2015-10-31, curdot=11546.051, curprice=-20.611, rate=-0.18, dealnumber=296335950, turnover=49529118], StockIndex [id=2015-10-31#上证指数, name=上证指数, date=2015-10-31, curdot=3382.561, curprice=-4.754, rate=-0.14, dealnumber=2435951, turnover=30726677]]
2015-10-31 00:07:45 [ main ] com.stockanalytics.service.StockInfoService StockIndex插入完成--->[StockIndex [id=2015-10-31#深证成指, name=深证成指, date=2015-10-31, curdot=11546.051, curprice=-20.611, rate=-0.18, dealnumber=296335950, turnover=49529118], StockIndex [id=2015-10-31#上证指数, name=上证指数, date=2015-10-31, curdot=3382.561, curprice=-4.754, rate=-0.14, dealnumber=2435951, turnover=30726677]]
2015-10-31 00:07:47 [ main ] com.stockanalytics.service.StockInfoService StockIndex插入完成--->[StockIndex [id=2015-10-31#深证成指, name=深证成指, date=2015-10-31, curdot=11546.051, curprice=-20.611, rate=-0.18, dealnumber=296335950, turnover=49529118], StockIndex [id=2015-10-31#上证指数, name=上证指数, date=2015-10-31, curdot=3382.561, curprice=-4.754, rate=-0.14, dealnumber=2435951, turnover=30726677]]
2015-10-31 00:07:49 [ main ] com.stockanalytics.service.StockInfoService StockIndex插入完成--->[StockIndex [id=2015-10-31#深证成指, name=深证成指, date=2015-10-31, curdot=11546.051, curprice=-20.611, rate=-0.18, dealnumber=296335950, turnover=49529118], StockIndex [id=2015-10-31#上证指数, name=上证指数, date=2015-10-31, curdot=3382.561, curprice=-4.754, rate=-0.14, dealnumber=2435951, turnover=30726677]]
2015-10-31 00:07:50 [ main ] com.stockanalytics.service.StockInfoService StockIndex插入完成--->[StockIndex [id=2015-10-31#深证成指, name=深证成指, date=2015-10-31, curdot=11546.051, curprice=-20.611, rate=-0.18, dealnumber=296335950, turnover=49529118], StockIndex [id=2015-10-31#上证指数, name=上证指数, date=2015-10-31, curdot=3382.561, curprice=-4.754, rate=-0.14, dealnumber=2435951, turnover=30726677]]
2015-10-31 00:07:51 [ main ] com.stockanalytics.service.StockInfoService execInsertStockInfo 执行完成。。
2015-10-31 00:07:51 [ main ] com.stockanalytics.timer.CronTask 执行execute第1次
2015-10-31 00:09:08 [ main ] org.hibernate.validator.internal.util.Version HV000001: Hibernate Validator 4.3.0.Final
2015-10-31 00:10:16 [ main ] com.stockanalytics.service.StockInfoService StockIndex插入完成--->[StockIndex [id=2015-10-31#深证成指, name=深证成指, date=2015-10-31, curdot=11546.051, curprice=-20.611, rate=-0.18, dealnumber=296335950, turnover=49529118], StockIndex [id=2015-10-31#上证指数, name=上证指数, date=2015-10-31, curdot=3382.561, curprice=-4.754, rate=-0.14, dealnumber=2435951, turnover=30726677]]
2015-10-31 00:14:03 [ main ] com.stockanalytics.service.StockInfoService StockIndex插入完成--->[StockIndex [id=2015-10-31#深证成指, name=深证成指, date=2015-10-31, curdot=11546.051, curprice=-20.611, rate=-0.18, dealnumber=296335950, turnover=49529118], StockIndex [id=2015-10-31#上证指数, name=上证指数, date=2015-10-31, curdot=3382.561, curprice=-4.754, rate=-0.14, dealnumber=2435951, turnover=30726677]]
2015-10-31 00:14:04 [ main ] com.stockanalytics.service.StockInfoService StockIndex插入完成--->[StockIndex [id=2015-10-31#深证成指, name=深证成指, date=2015-10-31, curdot=11546.051, curprice=-20.611, rate=-0.18, dealnumber=296335950, turnover=49529118], StockIndex [id=2015-10-31#上证指数, name=上证指数, date=2015-10-31, curdot=3382.561, curprice=-4.754, rate=-0.14, dealnumber=2435951, turnover=30726677]]
2015-10-31 00:14:06 [ main ] com.stockanalytics.service.StockInfoService StockIndex插入完成--->[StockIndex [id=2015-10-31#深证成指, name=深证成指, date=2015-10-31, curdot=11546.051, curprice=-20.611, rate=-0.18, dealnumber=296335950, turnover=49529118], StockIndex [id=2015-10-31#上证指数, name=上证指数, date=2015-10-31, curdot=3382.561, curprice=-4.754, rate=-0.14, dealnumber=2435951, turnover=30726677]]
2015-10-31 00:14:08 [ main ] com.stockanalytics.service.StockInfoService StockIndex插入完成--->[StockIndex [id=2015-10-31#深证成指, name=深证成指, date=2015-10-31, curdot=11546.051, curprice=-20.611, rate=-0.18, dealnumber=296335950, turnover=49529118], StockIndex [id=2015-10-31#上证指数, name=上证指数, date=2015-10-31, curdot=3382.561, curprice=-4.754, rate=-0.14, dealnumber=2435951, turnover=30726677]]
2015-10-31 00:14:10 [ main ] com.stockanalytics.service.StockInfoService StockIndex插入完成--->[StockIndex [id=2015-10-31#深证成指, name=深证成指, date=2015-10-31, curdot=11546.051, curprice=-20.611, rate=-0.18, dealnumber=296335950, turnover=49529118], StockIndex [id=2015-10-31#上证指数, name=上证指数, date=2015-10-31, curdot=3382.561, curprice=-4.754, rate=-0.14, dealnumber=2435951, turnover=30726677]]
2015-10-31 00:14:10 [ main ] com.stockanalytics.service.StockInfoService execInsertStockInfo 执行完成。。
2015-10-31 00:14:10 [ main ] com.stockanalytics.timer.CronTask 执行execute第1次
2015-10-31 00:15:37 [ main ] org.hibernate.validator.internal.util.Version HV000001: Hibernate Validator 4.3.0.Final
2015-10-31 00:15:39 [ main ] com.stockanalytics.service.StockInfoService StockIndex插入完成--->[StockIndex [id=2015-10-31#深证成指, name=深证成指, date=2015-10-31, curdot=11546.051, curprice=-20.611, rate=-0.18, dealnumber=296335950, turnover=49529118], StockIndex [id=2015-10-31#上证指数, name=上证指数, date=2015-10-31, curdot=3382.561, curprice=-4.754, rate=-0.14, dealnumber=2435951, turnover=30726677]]
2015-10-31 00:16:50 [ main ] com.stockanalytics.service.StockInfoService StockIndex插入失败：can't say something; nested exception is com.mongodb.MongoException$Network: can't say somethingMarket [shanghai=StockIndex [id=2015-10-31#上证指数, name=上证指数, date=2015-10-31, curdot=3382.561, curprice=-4.754, rate=-0.14, dealnumber=2435951, turnover=30726677], shenzhen=StockIndex [id=2015-10-31#深证成指, name=深证成指, date=2015-10-31, curdot=11546.051, curprice=-20.611, rate=-0.18, dealnumber=296335950, turnover=49529118]]
2015-10-31 00:17:07 [ main ] com.stockanalytics.service.StockInfoService StockIndex插入失败：can't say something; nested exception is com.mongodb.MongoException$Network: can't say somethingMarket [shanghai=StockIndex [id=2015-10-31#上证指数, name=上证指数, date=2015-10-31, curdot=3382.561, curprice=-4.754, rate=-0.14, dealnumber=2435951, turnover=30726677], shenzhen=StockIndex [id=2015-10-31#深证成指, name=深证成指, date=2015-10-31, curdot=11546.051, curprice=-20.611, rate=-0.18, dealnumber=296335950, turnover=49529118]]
2015-10-31 00:17:18 [ main ] com.stockanalytics.service.StockInfoService StockIndex插入完成--->[StockIndex [id=2015-10-31#深证成指, name=深证成指, date=2015-10-31, curdot=11546.051, curprice=-20.611, rate=-0.18, dealnumber=296335950, turnover=49529118], StockIndex [id=2015-10-31#上证指数, name=上证指数, date=2015-10-31, curdot=3382.561, curprice=-4.754, rate=-0.14, dealnumber=2435951, turnover=30726677]]
2015-10-31 00:17:20 [ main ] com.stockanalytics.service.StockInfoService StockIndex插入完成--->[StockIndex [id=2015-10-31#深证成指, name=深证成指, date=2015-10-31, curdot=11546.051, curprice=-20.611, rate=-0.18, dealnumber=296335950, turnover=49529118], StockIndex [id=2015-10-31#上证指数, name=上证指数, date=2015-10-31, curdot=3382.561, curprice=-4.754, rate=-0.14, dealnumber=2435951, turnover=30726677]]
2015-10-31 00:17:21 [ main ] com.stockanalytics.service.StockInfoService StockIndex插入完成--->[StockIndex [id=2015-10-31#深证成指, name=深证成指, date=2015-10-31, curdot=11546.051, curprice=-20.611, rate=-0.18, dealnumber=296335950, turnover=49529118], StockIndex [id=2015-10-31#上证指数, name=上证指数, date=2015-10-31, curdot=3382.561, curprice=-4.754, rate=-0.14, dealnumber=2435951, turnover=30726677]]
2015-10-31 00:17:22 [ main ] com.stockanalytics.service.StockInfoService execInsertStockInfo 执行完成。。
2015-10-31 00:17:22 [ main ] com.stockanalytics.timer.CronTask 执行execute第1次
2015-10-31 00:17:37 [ main ] org.hibernate.validator.internal.util.Version HV000001: Hibernate Validator 4.3.0.Final
2015-10-31 00:17:39 [ main ] com.stockanalytics.service.StockInfoService StockIndex插入完成--->[StockIndex [id=2015-10-31#深证成指, name=深证成指, date=2015-10-31, curdot=11546.051, curprice=-20.611, rate=-0.18, dealnumber=296335950, turnover=49529118], StockIndex [id=2015-10-31#上证指数, name=上证指数, date=2015-10-31, curdot=3382.561, curprice=-4.754, rate=-0.14, dealnumber=2435951, turnover=30726677]]
2015-10-31 00:17:41 [ main ] com.stockanalytics.service.StockInfoService StockIndex插入完成--->[StockIndex [id=2015-10-31#深证成指, name=深证成指, date=2015-10-31, curdot=11546.051, curprice=-20.611, rate=-0.18, dealnumber=296335950, turnover=49529118], StockIndex [id=2015-10-31#上证指数, name=上证指数, date=2015-10-31, curdot=3382.561, curprice=-4.754, rate=-0.14, dealnumber=2435951, turnover=30726677]]
2015-10-31 00:17:43 [ main ] com.stockanalytics.service.StockInfoService StockIndex插入完成--->[StockIndex [id=2015-10-31#深证成指, name=深证成指, date=2015-10-31, curdot=11546.051, curprice=-20.611, rate=-0.18, dealnumber=296335950, turnover=49529118], StockIndex [id=2015-10-31#上证指数, name=上证指数, date=2015-10-31, curdot=3382.561, curprice=-4.754, rate=-0.14, dealnumber=2435951, turnover=30726677]]
2015-10-31 00:17:46 [ main ] com.stockanalytics.service.StockInfoService StockIndex插入完成--->[StockIndex [id=2015-10-31#深证成指, name=深证成指, date=2015-10-31, curdot=11546.051, curprice=-20.611, rate=-0.18, dealnumber=296335950, turnover=49529118], StockIndex [id=2015-10-31#上证指数, name=上证指数, date=2015-10-31, curdot=3382.561, curprice=-4.754, rate=-0.14, dealnumber=2435951, turnover=30726677]]
2015-10-31 00:17:48 [ main ] com.stockanalytics.service.StockInfoService StockIndex插入完成--->[StockIndex [id=2015-10-31#深证成指, name=深证成指, date=2015-10-31, curdot=11546.051, curprice=-20.611, rate=-0.18, dealnumber=296335950, turnover=49529118], StockIndex [id=2015-10-31#上证指数, name=上证指数, date=2015-10-31, curdot=3382.561, curprice=-4.754, rate=-0.14, dealnumber=2435951, turnover=30726677]]
2015-10-31 00:17:49 [ main ] com.stockanalytics.service.StockInfoService StockIndex插入完成--->[StockIndex [id=2015-10-31#深证成指, name=深证成指, date=2015-10-31, curdot=11546.051, curprice=-20.611, rate=-0.18, dealnumber=296335950, turnover=49529118], StockIndex [id=2015-10-31#上证指数, name=上证指数, date=2015-10-31, curdot=3382.561, curprice=-4.754, rate=-0.14, dealnumber=2435951, turnover=30726677]]
2015-10-31 00:17:49 [ main ] com.stockanalytics.service.StockInfoService execInsertStockInfo 执行完成。。
2015-10-31 00:17:49 [ main ] com.stockanalytics.timer.CronTask 执行execute第1次
2015-10-31 11:47:28 [ main ] org.hibernate.validator.internal.util.Version HV000001: Hibernate Validator 4.3.0.Final
2015-10-31 12:06:21 [ main ] org.hibernate.validator.internal.util.Version HV000001: Hibernate Validator 4.3.0.Final
2015-10-31 12:07:19 [ main ] org.hibernate.validator.internal.util.Version HV000001: Hibernate Validator 4.3.0.Final
2015-10-31 12:11:07 [ main ] org.hibernate.validator.internal.util.Version HV000001: Hibernate Validator 4.3.0.Final
2015-10-31 12:13:42 [ main ] org.hibernate.validator.internal.util.Version HV000001: Hibernate Validator 4.3.0.Final
2015-10-31 12:17:17 [ main ] org.hibernate.validator.internal.util.Version HV000001: Hibernate Validator 4.3.0.Final
2015-10-31 12:34:47 [ main ] org.hibernate.validator.internal.util.Version HV000001: Hibernate Validator 4.3.0.Final
2015-10-31 13:08:38 [ main ] org.hibernate.validator.internal.util.Version HV000001: Hibernate Validator 4.3.0.Final
2015-10-31 13:09:38 [ main ] org.hibernate.validator.internal.util.Version HV000001: Hibernate Validator 4.3.0.Final
2015-10-31 15:01:52 [ main ] org.hibernate.validator.internal.util.Version HV000001: Hibernate Validator 4.3.0.Final
